SF:lib\data\announ_data_backend.dart
DA:9,0
DA:11,0
DA:13,0
DA:14,0
DA:16,0
DA:18,0
DA:20,0
DA:23,0
DA:24,0
DA:26,0
DA:29,1
DA:30,3
DA:31,1
DA:32,4
DA:33,5
LF:15
LH:5
end_of_record
SF:lib\globals.dart
DA:3,6
LF:1
LH:1
end_of_record
SF:lib\model\user.dart
DA:12,3
DA:20,1
DA:21,1
DA:22,1
DA:23,1
DA:24,1
DA:25,1
DA:26,1
DA:27,1
DA:30,1
DA:31,1
DA:32,1
DA:33,1
DA:34,1
DA:35,1
DA:36,1
DA:37,1
DA:38,1
DA:39,1
DA:42,0
DA:43,0
DA:44,0
DA:47,0
DA:48,0
DA:49,0
DA:50,0
DA:51,0
DA:54,0
DA:55,0
DA:59,0
DA:60,0
DA:64,1
DA:65,3
DA:69,1
DA:71,1
DA:72,3
DA:73,3
DA:74,3
DA:75,3
DA:76,3
DA:77,3
LF:41
LH:29
end_of_record
SF:lib\components\footer.dart
DA:9,2
DA:11,4
DA:12,2
DA:13,2
DA:14,2
DA:15,2
DA:17,2
DA:18,2
DA:19,4
DA:20,4
DA:21,4
DA:23,2
DA:24,2
DA:25,2
DA:28,4
DA:29,2
DA:31,2
DA:32,2
DA:33,6
DA:34,2
DA:35,0
DA:36,0
DA:37,0
DA:38,0
DA:39,0
DA:43,2
DA:44,6
DA:45,2
DA:47,2
DA:48,2
DA:50,6
DA:51,2
DA:52,4
DA:58,2
DA:59,6
DA:60,2
DA:61,4
DA:64,2
DA:72,2
DA:73,6
DA:74,2
DA:75,2
DA:76,0
DA:77,0
DA:78,0
DA:79,0
DA:82,2
DA:84,2
DA:85,2
DA:86,6
DA:87,2
DA:92,2
DA:93,6
DA:94,2
DA:96,2
DA:106,2
DA:108,2
DA:109,2
DA:110,4
DA:112,2
DA:113,2
DA:114,2
DA:115,4
DA:116,4
DA:117,2
DA:118,2
DA:119,6
DA:122,4
DA:124,2
DA:127,0
DA:128,0
DA:129,0
DA:130,0
DA:132,0
LF:74
LH:60
end_of_record
SF:lib\components\announcement_box.dart
DA:11,1
DA:19,1
DA:20,1
DA:21,1
DA:25,1
DA:27,2
DA:28,1
DA:29,3
DA:30,2
DA:31,2
DA:32,1
DA:34,2
DA:35,2
DA:36,1
DA:37,1
DA:39,1
DA:41,1
DA:43,1
DA:44,1
DA:45,1
DA:46,2
DA:47,1
DA:49,3
DA:51,1
DA:52,1
DA:53,1
DA:55,3
DA:56,1
DA:57,2
DA:58,1
DA:59,1
DA:60,3
DA:62,2
DA:63,2
DA:67,4
DA:68,1
DA:70,1
DA:71,1
DA:72,3
DA:73,1
DA:79,1
DA:80,2
DA:81,1
DA:84,1
DA:85,1
DA:86,1
DA:87,3
DA:88,1
DA:89,2
DA:90,1
DA:96,1
DA:98,1
DA:99,1
DA:100,3
DA:101,3
DA:102,1
DA:104,1
DA:105,1
DA:106,1
DA:107,1
DA:111,1
DA:113,1
DA:117,1
DA:118,1
DA:119,1
DA:120,2
DA:121,1
DA:123,1
DA:126,1
DA:127,1
DA:128,1
DA:132,2
DA:135,1
DA:136,1
DA:137,1
DA:138,2
DA:139,1
DA:141,1
DA:147,1
DA:148,1
DA:149,4
DA:150,1
DA:151,2
DA:152,1
DA:153,1
DA:154,3
DA:156,2
DA:157,2
LF:88
LH:88
end_of_record
SF:lib\components\announcements_data.dart
DA:1,0
DA:12,3
DA:13,1
DA:21,1
DA:29,1
LF:5
LH:4
end_of_record
SF:lib\components\categories.dart
DA:1,0
LF:1
LH:0
end_of_record
SF:lib\components\confirm_button.dart
DA:7,0
DA:12,0
DA:13,0
DA:14,0
DA:18,0
DA:20,0
DA:21,0
DA:22,0
DA:23,0
DA:24,0
DA:25,0
DA:26,0
DA:27,0
DA:29,0
DA:30,0
DA:31,0
DA:32,0
LF:17
LH:0
end_of_record
SF:lib\views\home_customer\home_customer_page.dart
DA:12,0
DA:13,0
DA:20,0
DA:22,0
DA:23,0
DA:25,0
DA:26,0
DA:27,0
DA:28,0
DA:30,0
DA:31,0
DA:32,0
DA:33,0
DA:34,0
DA:35,0
DA:36,0
DA:37,0
DA:38,0
DA:39,0
DA:40,0
DA:41,0
DA:42,0
DA:43,0
DA:44,0
DA:45,0
DA:46,0
DA:47,0
DA:49,0
DA:50,0
DA:52,0
DA:53,0
DA:54,0
DA:55,0
DA:56,0
DA:59,0
DA:60,0
DA:61,0
DA:62,0
DA:63,0
DA:64,0
DA:65,0
DA:66,0
DA:67,0
DA:71,0
LF:44
LH:0
end_of_record
SF:lib\views\home_productor\home_productor_page.dart
DA:6,1
DA:7,1
DA:11,1
DA:13,2
DA:14,1
DA:15,2
DA:16,1
DA:17,1
DA:18,1
DA:19,1
DA:20,3
DA:21,1
DA:23,1
DA:27,1
DA:31,1
DA:32,2
DA:33,3
DA:34,1
DA:38,1
LF:19
LH:19
end_of_record
SF:lib\views\profile\profile_page.dart
DA:9,0
DA:10,0
DA:14,0
DA:16,0
DA:17,0
DA:18,0
DA:19,0
DA:20,0
DA:21,0
DA:22,0
DA:23,0
DA:24,0
DA:25,0
DA:26,0
DA:27,0
DA:28,0
DA:29,0
DA:32,0
DA:33,0
LF:19
LH:0
end_of_record
SF:lib\views\register_announcement\announcement_register_page.dart
DA:8,0
DA:9,0
DA:13,0
DA:15,0
DA:17,0
DA:19,0
DA:20,0
DA:21,0
DA:22,0
DA:23,0
DA:24,0
DA:25,0
DA:26,0
DA:27,0
DA:28,0
DA:29,0
DA:30,0
DA:31,0
DA:34,0
DA:39,0
LF:20
LH:0
end_of_record
SF:lib\components\form_field.dart
DA:9,0
DA:16,0
DA:17,0
DA:18,0
DA:22,0
DA:24,0
DA:25,0
DA:26,0
DA:27,0
DA:28,0
DA:29,0
DA:30,0
DA:31,0
DA:32,0
DA:33,0
LF:15
LH:0
end_of_record
SF:lib\components\form_validation.dart
DA:2,1
DA:4,1
DA:5,2
DA:7,1
DA:14,2
DA:17,2
DA:18,4
DA:20,1
DA:27,2
DA:28,2
DA:30,2
DA:35,1
DA:37,1
DA:38,2
LF:14
LH:14
end_of_record
SF:lib\components\photo_select.dart
DA:5,0
DA:6,0
DA:8,0
DA:15,0
DA:17,0
DA:19,0
DA:20,0
DA:21,0
DA:23,0
DA:24,0
DA:27,0
DA:28,0
DA:29,0
DA:30,0
DA:31,0
DA:32,0
DA:33,0
DA:37,0
DA:41,0
DA:42,0
DA:44,0
DA:45,0
DA:46,0
DA:47,0
DA:50,0
DA:51,0
DA:53,0
DA:54,0
DA:55,0
DA:56,0
DA:58,0
DA:60,0
DA:62,0
DA:64,0
DA:68,0
LF:35
LH:0
end_of_record
SF:lib\data\announ_delete_backend.dart
DA:5,0
DA:6,0
DA:7,0
DA:8,0
DA:10,0
DA:13,0
LF:6
LH:0
end_of_record
SF:lib\data\announ_register_backend.dart
DA:6,0
DA:9,0
DA:10,0
DA:11,0
DA:13,0
DA:16,0
DA:17,0
DA:25,0
DA:26,0
DA:27,0
DA:28,0
LF:11
LH:0
end_of_record
SF:lib\data\login_backend.dart
DA:7,0
DA:9,0
DA:10,0
DA:12,0
DA:17,0
DA:18,0
DA:19,0
DA:20,0
DA:22,0
DA:23,0
DA:24,0
DA:25,0
DA:26,0
DA:30,0
LF:14
LH:0
end_of_record
SF:lib\data\register_backend.dart
DA:6,0
DA:9,0
DA:10,0
DA:11,0
DA:13,0
DA:14,0
DA:21,0
DA:22,0
DA:23,0
DA:25,0
LF:10
LH:0
end_of_record
SF:lib\views\home_customer\components\carroussel.dart
DA:5,0
DA:7,0
DA:8,0
DA:9,0
DA:11,0
DA:12,0
DA:13,0
DA:14,0
DA:15,0
DA:16,0
DA:18,0
DA:19,0
DA:20,0
DA:21,0
DA:22,0
DA:23,0
DA:24,0
DA:26,0
DA:27,0
DA:31,0
DA:32,0
DA:33,0
DA:34,0
DA:35,0
LF:24
LH:0
end_of_record
SF:lib\views\home_customer\components\home_type.dart
DA:7,0
DA:9,0
DA:10,0
DA:11,0
DA:15,0
DA:17,0
DA:18,0
DA:19,0
DA:20,0
DA:21,0
DA:22,0
DA:24,0
DA:25,0
DA:26,0
DA:28,0
DA:29,0
DA:30,0
DA:33,0
DA:34,0
DA:35,0
DA:36,0
DA:37,0
DA:38,0
DA:39,0
DA:41,0
DA:42,0
DA:43,0
DA:44,0
DA:45,0
LF:29
LH:0
end_of_record
SF:lib\views\home_customer\components\list_announcements.dart
DA:9,0
DA:11,0
DA:13,0
DA:14,0
DA:18,0
DA:20,0
DA:21,0
DA:22,0
DA:23,0
DA:25,0
DA:26,0
DA:27,0
DA:28,0
DA:30,0
DA:31,0
DA:33,0
DA:34,0
DA:36,0
DA:40,0
DA:41,0
DA:42,0
DA:43,0
DA:46,0
LF:23
LH:0
end_of_record
SF:lib\views\home_customer\components\search.dart
DA:5,0
DA:6,0
DA:7,0
DA:11,0
DA:13,0
DA:14,0
DA:15,0
DA:16,0
DA:19,0
DA:20,0
DA:21,0
DA:22,0
DA:23,0
LF:13
LH:0
end_of_record
SF:lib\views\home_productor\components\buttons_row.dart
DA:7,2
DA:8,1
DA:9,1
DA:13,1
DA:15,2
DA:16,1
DA:17,2
DA:18,2
DA:19,2
DA:20,3
DA:21,1
DA:23,1
DA:24,1
DA:25,2
DA:26,2
DA:27,1
DA:28,1
DA:29,1
DA:32,1
DA:34,0
DA:37,1
DA:38,2
DA:39,2
DA:40,1
DA:41,1
DA:42,1
DA:45,1
DA:47,0
DA:50,1
DA:51,2
DA:52,2
DA:53,1
DA:54,1
DA:55,1
DA:58,1
DA:60,1
DA:61,3
LF:37
LH:35
end_of_record
SF:lib\views\home_productor\components\dialog_confirm_delete.dart
DA:4,1
DA:5,1
DA:8,1
DA:9,1
DA:10,1
DA:11,1
DA:12,1
DA:13,1
DA:14,1
DA:15,1
DA:19,1
DA:20,1
DA:21,0
DA:22,0
DA:23,0
DA:25,1
DA:27,1
DA:30,1
DA:34,1
DA:35,0
DA:36,0
DA:38,1
DA:40,1
DA:43,1
LF:24
LH:19
end_of_record
SF:lib\views\home_productor\components\list_announcements.dart
DA:7,1
DA:9,1
DA:10,2
DA:12,1
DA:13,2
DA:14,4
DA:15,1
DA:16,3
DA:17,3
DA:18,3
DA:19,3
DA:20,3
DA:21,3
LF:13
LH:13
end_of_record
SF:lib\views\login\components\dialog_account_type.dart
DA:5,1
DA:7,1
DA:9,1
DA:10,1
DA:11,1
DA:14,1
DA:15,1
DA:16,1
DA:17,1
DA:18,1
DA:19,1
DA:20,1
DA:24,1
DA:25,1
DA:26,0
DA:27,0
DA:29,0
DA:30,0
DA:32,1
DA:34,1
DA:37,1
DA:41,1
DA:42,0
DA:43,0
DA:45,0
DA:46,0
DA:48,1
DA:50,1
DA:53,1
DA:62,1
DA:64,1
DA:65,1
DA:68,1
LF:33
LH:25
end_of_record
SF:lib\views\register\register_page.dart
DA:7,0
DA:8,0
DA:9,0
DA:14,0
DA:15,0
DA:16,0
DA:17,0
DA:18,0
DA:19,0
DA:20,0
DA:21,0
DA:23,0
DA:24,0
DA:25,0
LF:14
LH:0
end_of_record
SF:lib\views\login\components\forget_password.dart
DA:4,1
DA:6,1
DA:8,1
DA:9,0
DA:10,0
DA:12,1
DA:14,1
DA:17,1
LF:8
LH:6
end_of_record
SF:lib\views\login\components\form_field_login.dart
DA:12,1
DA:22,1
DA:23,1
DA:24,1
DA:28,1
DA:30,2
DA:31,1
DA:33,1
DA:34,2
DA:36,2
DA:37,2
DA:38,1
DA:39,2
DA:40,1
DA:44,1
DA:45,2
DA:46,1
DA:47,2
DA:48,1
DA:49,2
DA:50,1
DA:52,2
DA:53,1
DA:54,1
DA:55,2
DA:56,1
DA:58,2
LF:27
LH:27
end_of_record
SF:lib\views\login\login_page.dart
DA:10,1
DA:11,1
DA:20,1
DA:22,2
DA:23,1
DA:24,1
DA:25,1
DA:26,1
DA:27,1
DA:28,1
DA:29,1
DA:30,4
DA:31,2
DA:32,1
DA:34,1
DA:35,1
DA:37,1
DA:43,1
DA:44,1
DA:46,1
DA:47,1
DA:51,1
DA:52,2
DA:53,2
DA:57,1
DA:58,1
DA:59,1
DA:60,1
DA:61,1
DA:62,1
DA:63,1
DA:64,2
DA:66,1
DA:67,3
DA:68,0
DA:69,0
DA:72,1
DA:74,1
DA:75,1
DA:84,1
LF:40
LH:38
end_of_record
SF:lib\views\login\services\login_services.dart
DA:7,0
DA:12,0
DA:14,0
DA:16,0
DA:17,0
DA:18,0
DA:19,0
DA:20,0
DA:22,0
DA:27,0
DA:28,0
DA:29,0
DA:30,0
DA:32,0
DA:34,0
DA:37,0
DA:46,0
DA:47,0
DA:48,0
DA:51,0
DA:52,0
LF:21
LH:0
end_of_record
SF:lib\views\profile\components\add_picture.dart
DA:5,0
DA:6,0
DA:12,0
DA:14,0
DA:15,0
DA:17,0
DA:19,0
DA:20,0
DA:21,0
DA:22,0
DA:23,0
DA:24,0
DA:25,0
DA:27,0
DA:29,0
DA:33,0
DA:37,0
DA:40,0
LF:18
LH:0
end_of_record
SF:lib\views\profile\components\circle_style.dart
DA:4,0
DA:6,0
DA:8,0
DA:11,0
DA:13,0
DA:14,0
LF:6
LH:0
end_of_record
SF:lib\views\profile\components\logout_button.dart
DA:6,0
DA:8,0
DA:9,0
DA:10,0
DA:11,0
DA:13,0
DA:14,0
DA:16,0
DA:18,0
DA:21,0
LF:10
LH:0
end_of_record
SF:lib\views\profile\components\profile_form.dart
DA:10,0
DA:11,0
DA:26,0
DA:28,0
DA:29,0
DA:30,0
DA:31,0
DA:32,0
DA:33,0
DA:34,0
DA:35,0
DA:36,0
DA:37,0
DA:39,0
DA:40,0
DA:41,0
DA:44,0
DA:47,0
DA:50,0
DA:51,0
DA:54,0
DA:57,0
DA:58,0
DA:61,0
DA:64,0
DA:65,0
DA:66,0
DA:67,0
DA:68,0
DA:77,0
DA:78,0
DA:79,0
DA:80,0
DA:81,0
DA:82,0
DA:83,0
DA:86,0
DA:87,0
DA:88,0
DA:89,0
DA:90,0
DA:91,0
DA:92,0
DA:94,0
DA:96,0
DA:97,0
DA:101,0
LF:47
LH:0
end_of_record
SF:lib\views\profile\components\profile_picture.dart
DA:4,0
DA:6,0
DA:7,0
DA:9,0
DA:10,0
DA:11,0
DA:12,0
DA:13,0
DA:14,0
DA:15,0
DA:16,0
LF:11
LH:0
end_of_record
SF:lib\views\register\components\register_form.dart
DA:9,0
DA:10,0
DA:11,0
DA:16,0
DA:23,0
DA:25,0
DA:26,0
DA:28,0
DA:29,0
DA:30,0
DA:31,0
DA:34,0
DA:35,0
DA:36,0
DA:38,0
DA:42,0
DA:46,0
DA:47,0
DA:48,0
DA:49,0
DA:50,0
DA:51,0
DA:52,0
DA:53,0
DA:54,0
DA:55,0
DA:56,0
DA:57,0
DA:59,0
DA:60,0
DA:61,0
DA:63,0
DA:66,0
DA:68,0
DA:69,0
DA:73,0
DA:76,0
DA:78,0
DA:81,0
DA:84,0
DA:86,0
DA:87,0
DA:88,0
DA:89,0
DA:95,0
DA:97,0
DA:98,0
DA:99,0
DA:100,0
DA:101,0
DA:102,0
DA:103,0
DA:104,0
LF:53
LH:0
end_of_record
SF:lib\views\register_announcement\components\announ_register_form.dart
DA:10,0
DA:11,0
DA:22,0
DA:24,0
DA:26,0
DA:28,0
DA:29,0
DA:30,0
DA:31,0
DA:32,0
DA:33,0
DA:34,0
DA:36,0
DA:37,0
DA:39,0
DA:44,0
DA:45,0
DA:47,0
DA:53,0
DA:54,0
DA:56,0
DA:61,0
DA:62,0
DA:64,0
DA:66,0
DA:71,0
DA:72,0
DA:74,0
DA:80,0
DA:81,0
DA:82,0
DA:83,0
DA:85,0
DA:86,0
DA:87,0
DA:88,0
DA:89,0
DA:90,0
DA:91,0
DA:92,0
LF:40
LH:0
end_of_record
SF:lib\views\register_announcement\components\select_field.dart
DA:9,0
DA:16,0
DA:17,0
DA:18,0
DA:24,0
DA:26,0
DA:28,0
DA:29,0
DA:30,0
DA:31,0
DA:32,0
DA:33,0
DA:34,0
DA:36,0
DA:37,0
DA:38,0
DA:39,0
DA:40,0
DA:43,0
DA:44,0
DA:46,0
DA:48,0
LF:22
LH:0
end_of_record
SF:lib\views\register_announcement\services\register_announcements_services.dart
DA:2,1
DA:4,1
DA:5,2
DA:7,1
DA:13,1
DA:14,2
DA:21,1
DA:28,1
DA:30,1
DA:31,2
DA:33,1
DA:39,1
DA:40,2
DA:42,2
LF:14
LH:14
end_of_record
