SF:lib\data\announ_data_backend.dart
DA:9,2
DA:11,4
DA:13,1
DA:17,1
DA:20,1
DA:21,1
DA:23,0
DA:25,1
DA:27,3
DA:30,4
DA:31,2
DA:32,1
DA:35,2
DA:36,6
DA:37,2
DA:38,8
DA:39,10
LF:17
LH:16
end_of_record
SF:lib\globals.dart
DA:3,18
LF:1
LH:1
end_of_record
SF:lib\model\user.dart
DA:12,7
DA:20,1
DA:21,1
DA:22,1
DA:23,1
DA:24,1
DA:25,1
DA:26,1
DA:27,1
DA:30,1
DA:31,1
DA:32,1
DA:33,1
DA:34,1
DA:35,1
DA:36,1
DA:37,1
DA:38,1
DA:39,1
DA:42,0
DA:43,0
DA:44,0
DA:47,0
DA:48,0
DA:49,0
DA:50,0
DA:51,0
DA:54,0
DA:55,0
DA:59,0
DA:60,0
DA:64,1
DA:65,3
DA:69,1
DA:71,1
DA:72,3
DA:73,3
DA:74,3
DA:75,3
DA:76,3
DA:77,3
LF:41
LH:29
end_of_record
SF:lib\services\codec_string.dart
DA:4,2
DA:5,2
DA:6,2
DA:9,1
DA:10,1
DA:11,1
LF:6
LH:6
end_of_record
SF:lib\components\form_field.dart
DA:11,3
DA:20,3
DA:21,3
DA:22,3
DA:26,3
DA:28,3
DA:29,10
DA:30,3
DA:31,3
DA:32,3
DA:33,6
DA:34,6
DA:35,1
DA:36,1
DA:40,2
DA:42,6
DA:43,3
DA:44,6
DA:45,6
LF:19
LH:19
end_of_record
SF:lib\data\change_password_backend.dart
DA:8,1
DA:10,0
DA:12,1
DA:16,1
DA:18,1
DA:19,1
DA:21,3
DA:24,1
DA:29,1
DA:30,3
DA:32,1
DA:34,0
DA:35,0
DA:38,1
LF:14
LH:11
end_of_record
SF:lib\views\change_password\components\password_form.dart
DA:13,1
DA:19,1
DA:20,1
DA:21,1
DA:22,1
DA:23,1
DA:24,1
DA:33,1
DA:36,1
DA:38,2
DA:39,1
DA:40,2
DA:41,1
DA:42,1
DA:43,1
DA:44,2
DA:45,1
DA:46,1
DA:47,1
DA:49,1
DA:50,1
DA:52,1
DA:56,1
DA:57,1
DA:61,1
DA:63,1
DA:67,1
DA:68,1
DA:72,1
DA:74,1
DA:78,1
DA:79,1
DA:80,1
DA:81,1
DA:82,2
DA:90,1
DA:91,1
DA:92,3
DA:93,1
DA:94,6
DA:97,1
DA:98,2
DA:99,2
DA:100,3
DA:101,1
DA:102,1
DA:103,2
DA:105,1
DA:107,1
DA:108,1
LF:50
LH:50
end_of_record
SF:lib\components\announcement_box.dart
DA:11,2
DA:19,2
DA:20,2
DA:21,2
DA:25,2
DA:27,4
DA:28,2
DA:29,6
DA:30,4
DA:31,4
DA:32,2
DA:34,4
DA:35,4
DA:36,2
DA:37,2
DA:39,2
DA:41,2
DA:43,2
DA:44,2
DA:45,2
DA:46,4
DA:47,2
DA:49,6
DA:51,2
DA:52,2
DA:53,2
DA:55,6
DA:56,2
DA:57,4
DA:58,2
DA:59,2
DA:60,6
DA:62,4
DA:63,4
DA:67,8
DA:68,2
DA:70,2
DA:71,2
DA:72,6
DA:73,2
DA:79,2
DA:80,4
DA:81,2
DA:84,2
DA:85,2
DA:86,2
DA:87,6
DA:88,2
DA:89,4
DA:90,2
DA:96,2
DA:98,2
DA:99,2
DA:100,6
DA:101,6
DA:102,2
DA:104,2
DA:105,2
DA:106,2
DA:107,2
DA:111,2
DA:113,2
DA:117,2
DA:118,2
DA:119,2
DA:120,4
DA:121,2
DA:123,2
DA:126,2
DA:127,2
DA:128,2
DA:132,4
DA:135,2
DA:136,2
DA:137,2
DA:138,4
DA:139,2
DA:141,2
DA:147,2
DA:148,2
DA:149,8
DA:150,2
DA:151,4
DA:152,2
DA:153,2
DA:154,6
DA:156,4
DA:157,4
LF:88
LH:88
end_of_record
SF:lib\components\announcements_data.dart
DA:1,3
DA:2,1
DA:3,1
DA:4,1
DA:5,1
DA:6,1
DA:7,1
DA:8,1
DA:9,1
DA:12,0
LF:10
LH:9
end_of_record
SF:lib\components\categories.dart
DA:1,3
LF:1
LH:1
end_of_record
SF:lib\components\confirm_button.dart
DA:7,0
DA:12,0
DA:13,0
DA:14,0
DA:18,0
DA:20,0
DA:21,0
DA:22,0
DA:23,0
DA:24,0
DA:25,0
DA:26,0
DA:27,0
DA:29,0
DA:30,0
DA:31,0
DA:32,0
LF:17
LH:0
end_of_record
SF:lib\components\custom_desc_field.dart
DA:6,1
DA:8,1
DA:9,1
DA:10,1
DA:14,1
DA:16,1
DA:18,1
DA:19,1
DA:20,1
DA:21,1
DA:22,1
DA:23,1
DA:24,1
DA:25,1
DA:26,1
DA:27,1
DA:28,1
DA:29,2
DA:30,2
LF:19
LH:19
end_of_record
SF:lib\components\footer.dart
DA:9,3
DA:11,6
DA:12,3
DA:13,3
DA:14,3
DA:15,3
DA:17,3
DA:18,3
DA:19,6
DA:20,6
DA:21,6
DA:23,3
DA:24,3
DA:25,3
DA:28,6
DA:29,3
DA:31,3
DA:32,3
DA:33,9
DA:34,3
DA:35,0
DA:36,0
DA:37,0
DA:38,0
DA:39,0
DA:43,3
DA:44,9
DA:45,3
DA:47,3
DA:48,3
DA:50,9
DA:51,3
DA:52,6
DA:58,3
DA:59,9
DA:60,3
DA:61,6
DA:64,3
DA:72,3
DA:73,9
DA:74,3
DA:75,3
DA:76,0
DA:77,0
DA:78,0
DA:79,0
DA:82,3
DA:84,3
DA:85,3
DA:86,9
DA:87,3
DA:92,3
DA:93,9
DA:94,3
DA:96,3
DA:106,3
DA:108,3
DA:109,3
DA:110,6
DA:112,3
DA:113,3
DA:114,3
DA:115,6
DA:116,6
DA:117,3
DA:118,3
DA:119,9
DA:122,6
DA:124,3
DA:127,0
DA:128,0
DA:129,0
DA:130,0
DA:132,0
LF:74
LH:60
end_of_record
SF:lib\views\home_customer\home_customer_page.dart
DA:18,2
DA:19,1
DA:20,1
DA:27,1
DA:29,2
DA:30,3
DA:31,3
DA:33,1
DA:34,1
DA:35,3
DA:36,1
DA:37,1
DA:39,2
DA:40,1
DA:41,1
DA:42,1
DA:43,1
DA:44,1
DA:45,3
DA:46,1
DA:47,2
DA:48,1
DA:49,1
DA:50,2
DA:51,2
DA:52,1
DA:53,4
DA:54,1
DA:55,1
DA:56,2
DA:58,1
DA:59,1
DA:61,1
DA:62,1
DA:63,1
DA:64,2
DA:65,2
DA:68,2
DA:69,1
DA:70,1
DA:71,1
DA:72,1
DA:73,3
DA:74,1
DA:75,1
DA:76,2
DA:80,1
LF:47
LH:47
end_of_record
SF:lib\views\home_productor\home_productor_page.dart
DA:10,2
DA:11,1
DA:12,1
DA:16,1
DA:18,2
DA:20,3
DA:22,1
DA:23,1
DA:24,1
DA:25,1
DA:26,2
DA:27,1
DA:28,1
DA:29,1
DA:30,1
DA:31,3
DA:32,1
DA:34,1
DA:38,1
DA:42,2
DA:43,1
DA:44,2
DA:45,3
DA:46,1
DA:49,1
DA:50,3
DA:51,1
DA:52,1
DA:56,1
DA:61,1
LF:30
LH:30
end_of_record
SF:lib\views\profile\profile_page.dart
DA:10,0
DA:11,0
DA:15,0
DA:17,0
DA:19,0
DA:20,0
DA:21,0
DA:22,0
DA:23,0
DA:24,0
DA:25,0
DA:26,0
DA:27,0
DA:28,0
DA:29,0
DA:30,0
DA:31,0
DA:32,0
DA:33,0
DA:34,0
DA:35,0
DA:39,0
DA:40,0
LF:23
LH:0
end_of_record
SF:lib\views\register_announcement\announcement_register_page.dart
DA:8,0
DA:9,0
DA:13,0
DA:15,0
DA:17,0
DA:19,0
DA:20,0
DA:21,0
DA:22,0
DA:23,0
DA:24,0
DA:25,0
DA:26,0
DA:27,0
DA:28,0
DA:29,0
DA:30,0
DA:31,0
DA:34,0
DA:39,0
LF:20
LH:0
end_of_record
SF:lib\components\form_validation.dart
DA:2,2
DA:4,2
DA:5,4
DA:7,2
DA:14,3
DA:17,3
DA:18,6
DA:20,2
DA:27,3
DA:28,3
DA:30,4
DA:35,2
DA:37,2
DA:38,4
LF:14
LH:14
end_of_record
SF:lib\components\photo_select.dart
DA:5,0
DA:6,0
DA:8,0
DA:15,0
DA:17,0
DA:19,0
DA:20,0
DA:21,0
DA:23,0
DA:24,0
DA:27,0
DA:28,0
DA:29,0
DA:30,0
DA:31,0
DA:32,0
DA:33,0
DA:37,0
DA:41,0
DA:42,0
DA:44,0
DA:45,0
DA:46,0
DA:47,0
DA:50,0
DA:51,0
DA:53,0
DA:54,0
DA:55,0
DA:56,0
DA:58,0
DA:60,0
DA:62,0
DA:64,0
DA:68,0
LF:35
LH:0
end_of_record
SF:lib\components\productors_box.dart
DA:7,1
DA:8,1
DA:9,1
DA:10,1
DA:14,1
DA:16,2
DA:17,1
DA:18,2
DA:19,2
DA:20,3
DA:21,1
DA:23,2
DA:24,1
DA:25,1
DA:27,1
DA:28,1
DA:30,1
DA:32,1
DA:34,1
DA:35,0
DA:36,1
DA:37,1
DA:38,1
DA:39,2
DA:40,2
DA:41,3
DA:42,1
DA:43,1
DA:44,2
DA:45,1
DA:46,1
DA:47,1
DA:54,4
LF:33
LH:32
end_of_record
SF:lib\data\announ_delete_backend.dart
DA:5,0
DA:6,0
DA:7,0
DA:8,0
DA:10,0
DA:13,0
LF:6
LH:0
end_of_record
SF:lib\data\announ_edit_backend.dart
DA:8,1
DA:10,0
DA:12,1
DA:16,1
DA:22,1
DA:24,1
DA:26,3
DA:29,1
DA:36,2
DA:38,1
DA:40,3
DA:42,1
DA:44,0
DA:45,0
LF:14
LH:11
end_of_record
SF:lib\data\announ_register_backend.dart
DA:6,0
DA:9,0
DA:10,0
DA:11,0
DA:13,0
DA:16,0
DA:17,0
DA:25,0
DA:26,0
DA:27,0
DA:28,0
LF:11
LH:0
end_of_record
SF:lib\data\login_backend.dart
DA:7,0
DA:9,0
DA:10,0
DA:12,0
DA:17,0
DA:18,0
DA:19,0
DA:20,0
DA:22,0
DA:23,0
DA:24,0
DA:25,0
DA:26,0
DA:30,0
LF:14
LH:0
end_of_record
SF:lib\data\prod_log_data_backend.dart
DA:10,1
DA:12,2
DA:14,1
DA:18,1
DA:19,3
DA:20,1
DA:22,1
DA:24,3
DA:28,4
DA:30,2
DA:31,3
DA:32,1
DA:35,1
DA:36,3
DA:37,1
DA:38,4
DA:39,5
LF:17
LH:17
end_of_record
SF:lib\data\productors_data_backend.dart
DA:9,1
DA:11,0
DA:13,1
DA:16,1
DA:19,1
DA:20,1
DA:22,0
DA:24,1
DA:26,3
DA:28,4
DA:29,2
LF:11
LH:9
end_of_record
SF:lib\data\register_backend.dart
DA:6,0
DA:9,0
DA:10,0
DA:11,0
DA:13,0
DA:14,0
DA:21,0
DA:22,0
DA:23,0
DA:25,0
LF:10
LH:0
end_of_record
SF:lib\data\update_user_backend.dart
DA:8,1
DA:10,0
DA:12,1
DA:15,1
DA:17,1
DA:19,1
DA:21,3
DA:24,1
DA:28,2
DA:30,1
DA:31,3
DA:33,1
DA:35,0
DA:36,0
DA:39,1
LF:15
LH:12
end_of_record
SF:lib\views\change_password\change_password_page.dart
DA:10,0
DA:11,0
DA:12,0
DA:16,0
DA:18,0
DA:19,0
DA:20,0
DA:21,0
DA:22,0
DA:23,0
DA:24,0
DA:25,0
DA:26,0
DA:27,0
DA:28,0
DA:29,0
DA:30,0
DA:31,0
DA:32,0
DA:34,0
DA:36,0
DA:37,0
DA:38,0
DA:40,0
DA:44,0
DA:47,0
DA:48,0
DA:55,0
LF:28
LH:0
end_of_record
SF:lib\views\profile\components\circle_style.dart
DA:4,0
DA:6,0
DA:8,0
DA:11,0
DA:13,0
DA:14,0
LF:6
LH:0
end_of_record
SF:lib\views\change_password\services\change_password_services.dart
DA:9,1
DA:11,1
DA:13,2
DA:15,1
DA:16,1
DA:18,1
DA:19,1
DA:20,1
DA:21,1
DA:22,1
DA:24,1
DA:29,1
DA:30,1
DA:31,0
DA:32,0
DA:34,1
DA:36,1
DA:39,1
DA:48,0
DA:49,0
DA:50,0
DA:53,0
DA:54,0
LF:23
LH:16
end_of_record
SF:lib\views\edit_announ\components\edit_picture.dart
DA:4,1
DA:6,2
DA:7,1
DA:9,5
DA:10,2
DA:11,2
DA:12,1
DA:13,2
DA:14,1
DA:15,1
DA:16,1
LF:11
LH:11
end_of_record
SF:lib\views\edit_announ\edit_page.dart
DA:22,1
DA:31,1
DA:33,1
DA:34,1
DA:35,1
DA:36,1
DA:37,1
DA:38,1
DA:39,1
DA:40,1
DA:52,1
DA:60,1
DA:62,2
DA:63,1
DA:64,1
DA:65,1
DA:66,1
DA:67,1
DA:68,1
DA:69,4
DA:70,1
DA:71,1
DA:72,1
DA:73,1
DA:74,1
DA:75,1
DA:78,1
DA:83,1
DA:84,1
DA:85,1
DA:86,1
DA:88,0
DA:90,1
DA:94,1
DA:95,1
DA:96,1
DA:97,1
DA:98,1
DA:103,2
DA:104,2
DA:108,2
DA:109,1
DA:110,1
DA:111,2
DA:112,1
DA:113,3
DA:115,1
DA:121,1
DA:122,1
DA:124,1
DA:125,1
DA:126,2
DA:127,1
DA:130,1
DA:136,1
DA:139,1
DA:140,1
DA:141,2
DA:142,1
DA:143,1
DA:144,1
DA:149,1
DA:151,1
DA:154,1
DA:157,1
DA:160,1
DA:161,1
DA:162,0
DA:163,0
DA:164,0
DA:165,0
DA:166,0
DA:167,0
DA:168,0
DA:170,0
DA:171,0
DA:175,1
DA:176,2
DA:177,2
DA:178,3
DA:179,1
DA:180,1
DA:181,2
DA:183,1
DA:185,1
DA:186,1
DA:195,1
LF:87
LH:77
end_of_record
SF:lib\views\edit_announ\services\edit_announ_services.dart
DA:7,0
DA:15,0
DA:16,0
DA:17,0
DA:22,0
DA:23,0
DA:25,0
DA:26,0
DA:27,0
DA:28,0
DA:29,0
DA:31,0
DA:36,0
DA:37,0
DA:38,0
DA:39,0
DA:41,0
DA:43,0
DA:46,0
DA:55,0
DA:56,0
LF:21
LH:0
end_of_record
SF:lib\views\profile\components\add_picture.dart
DA:5,1
DA:6,1
DA:12,1
DA:14,2
DA:15,1
DA:17,1
DA:19,5
DA:20,2
DA:21,2
DA:22,1
DA:23,1
DA:24,1
DA:25,0
DA:27,0
DA:29,0
DA:33,0
DA:37,1
DA:40,1
LF:18
LH:14
end_of_record
SF:lib\views\register_announcement\components\select_field.dart
DA:10,1
DA:18,1
DA:19,1
DA:20,1
DA:27,1
DA:29,1
DA:31,1
DA:32,1
DA:33,1
DA:34,2
DA:35,2
DA:36,1
DA:37,4
DA:39,2
DA:40,0
DA:41,0
DA:42,0
DA:43,0
DA:46,4
DA:47,1
DA:49,1
DA:51,1
LF:22
LH:18
end_of_record
SF:lib\views\register_announcement\services\register_announcements_services.dart
DA:2,1
DA:4,1
DA:5,2
DA:7,1
DA:13,1
DA:14,2
DA:21,1
DA:28,1
DA:30,1
DA:31,2
DA:33,1
DA:39,1
DA:40,2
DA:42,2
LF:14
LH:14
end_of_record
SF:lib\views\home_customer\components\carroussel.dart
DA:5,1
DA:7,2
DA:8,1
DA:9,2
DA:11,1
DA:12,1
DA:13,3
DA:14,1
DA:15,0
DA:16,1
DA:18,1
DA:19,1
DA:20,1
DA:21,2
DA:22,1
DA:23,1
DA:24,4
DA:26,2
DA:27,2
DA:31,1
DA:32,1
DA:33,1
DA:34,3
DA:35,1
LF:24
LH:23
end_of_record
SF:lib\views\home_customer\components\home_type.dart
DA:7,1
DA:9,1
DA:10,1
DA:11,1
DA:15,1
DA:17,2
DA:18,1
DA:19,2
DA:20,1
DA:21,3
DA:22,1
DA:24,1
DA:25,1
DA:26,1
DA:28,1
DA:29,2
DA:30,1
DA:33,2
DA:34,3
DA:35,2
DA:36,2
DA:37,1
DA:38,1
DA:39,2
DA:41,1
DA:42,1
DA:43,1
DA:44,2
DA:45,2
LF:29
LH:29
end_of_record
SF:lib\views\home_customer\components\list_announcements.dart
DA:8,1
DA:9,1
DA:11,1
DA:12,1
DA:16,1
DA:18,2
DA:19,3
DA:20,1
DA:21,2
DA:23,5
DA:24,2
DA:25,1
DA:26,1
DA:28,1
DA:29,1
DA:31,2
DA:32,2
DA:34,2
DA:38,0
DA:39,0
DA:40,0
DA:41,0
DA:44,0
LF:23
LH:18
end_of_record
SF:lib\views\home_customer\components\list_productors.dart
DA:8,1
DA:9,1
DA:10,1
DA:11,1
DA:15,1
DA:17,2
DA:18,3
DA:19,1
DA:20,2
DA:22,5
DA:23,2
DA:24,1
DA:25,1
DA:26,1
DA:28,1
DA:29,1
DA:30,4
DA:31,2
DA:32,2
DA:35,0
DA:36,0
DA:37,0
DA:38,0
DA:41,0
LF:24
LH:19
end_of_record
SF:lib\views\home_customer\components\search.dart
DA:5,2
DA:6,1
DA:7,1
DA:11,1
DA:13,2
DA:14,1
DA:15,1
DA:16,2
DA:19,3
DA:20,1
DA:21,2
DA:22,0
DA:23,0
LF:13
LH:11
end_of_record
SF:lib\views\home_customer\services\home_customer_services.dart
DA:5,1
DA:8,2
DA:10,2
LF:3
LH:3
end_of_record
SF:lib\views\home_productor\components\buttons_row.dart
DA:12,1
DA:19,1
DA:21,1
DA:22,1
DA:23,1
DA:24,1
DA:25,1
DA:26,1
DA:27,1
DA:37,1
DA:44,1
DA:47,3
DA:49,3
DA:51,3
DA:53,3
DA:55,3
DA:56,2
DA:58,1
DA:59,2
DA:60,2
DA:61,2
DA:62,3
DA:63,1
DA:65,1
DA:66,1
DA:67,2
DA:68,2
DA:69,1
DA:70,1
DA:71,1
DA:74,1
DA:76,0
DA:77,0
DA:78,0
DA:84,0
DA:90,1
DA:91,2
DA:92,2
DA:93,1
DA:94,1
DA:95,1
DA:98,1
DA:100,0
DA:103,1
DA:104,2
DA:105,2
DA:106,1
DA:107,1
DA:108,1
DA:111,1
DA:113,1
DA:114,3
LF:52
LH:47
end_of_record
SF:lib\views\home_productor\components\dialog_confirm_delete.dart
DA:4,1
DA:5,1
DA:8,1
DA:9,1
DA:10,1
DA:11,1
DA:12,1
DA:13,1
DA:14,1
DA:15,1
DA:19,1
DA:20,1
DA:21,0
DA:22,0
DA:23,0
DA:25,1
DA:27,1
DA:30,1
DA:34,1
DA:35,0
DA:36,0
DA:38,1
DA:40,1
DA:43,1
LF:24
LH:19
end_of_record
SF:lib\views\home_productor\components\list_announcements.dart
DA:9,1
DA:10,1
DA:12,1
DA:13,1
DA:17,1
DA:19,3
DA:20,1
DA:21,1
DA:23,1
DA:24,2
DA:25,1
DA:26,2
DA:27,2
DA:28,2
DA:29,2
DA:30,2
DA:31,1
DA:33,2
DA:34,2
DA:36,2
LF:20
LH:20
end_of_record
SF:lib\views\login\components\dialog_account_type.dart
DA:5,1
DA:7,1
DA:9,1
DA:10,1
DA:11,1
DA:14,1
DA:15,1
DA:16,1
DA:17,1
DA:18,1
DA:19,1
DA:20,1
DA:24,1
DA:25,1
DA:26,0
DA:27,0
DA:29,0
DA:30,0
DA:32,1
DA:34,1
DA:37,1
DA:41,1
DA:42,0
DA:43,0
DA:45,0
DA:46,0
DA:48,1
DA:50,1
DA:53,1
DA:62,1
DA:64,1
DA:65,1
DA:68,1
LF:33
LH:25
end_of_record
SF:lib\views\register\register_page.dart
DA:7,0
DA:8,0
DA:9,0
DA:14,0
DA:15,0
DA:16,0
DA:17,0
DA:18,0
DA:19,0
DA:20,0
DA:21,0
DA:23,0
DA:24,0
DA:25,0
LF:14
LH:0
end_of_record
SF:lib\views\login\components\forget_password.dart
DA:4,1
DA:6,1
DA:8,1
DA:9,0
DA:10,0
DA:12,1
DA:14,1
DA:17,1
LF:8
LH:6
end_of_record
SF:lib\views\login\components\form_field_login.dart
DA:12,1
DA:22,1
DA:23,1
DA:24,1
DA:28,1
DA:30,2
DA:31,1
DA:33,1
DA:34,2
DA:36,2
DA:37,2
DA:38,1
DA:39,2
DA:40,1
DA:44,1
DA:45,2
DA:46,1
DA:47,2
DA:48,1
DA:49,2
DA:50,1
DA:52,2
DA:53,1
DA:54,1
DA:55,2
DA:56,1
DA:58,2
LF:27
LH:27
end_of_record
SF:lib\views\login\login_page.dart
DA:10,1
DA:11,1
DA:20,1
DA:22,2
DA:23,1
DA:24,1
DA:25,1
DA:26,1
DA:27,1
DA:28,1
DA:29,1
DA:30,4
DA:31,2
DA:32,1
DA:34,1
DA:35,1
DA:37,1
DA:43,1
DA:44,1
DA:46,1
DA:47,1
DA:51,1
DA:52,2
DA:53,2
DA:57,1
DA:58,1
DA:59,1
DA:60,1
DA:61,1
DA:62,1
DA:63,1
DA:64,2
DA:66,1
DA:67,3
DA:68,0
DA:69,0
DA:72,1
DA:74,1
DA:75,1
DA:84,1
LF:40
LH:38
end_of_record
SF:lib\views\login\services\login_services.dart
DA:7,0
DA:12,0
DA:14,0
DA:16,0
DA:17,0
DA:18,0
DA:19,0
DA:20,0
DA:22,0
DA:27,0
DA:28,0
DA:29,0
DA:30,0
DA:32,0
DA:34,0
DA:37,0
DA:46,0
DA:47,0
DA:48,0
DA:51,0
DA:52,0
LF:21
LH:0
end_of_record
SF:lib\views\profile\components\change_password_button.dart
DA:5,1
DA:7,1
DA:8,0
DA:9,0
DA:11,0
DA:12,0
DA:14,1
DA:16,1
DA:19,1
LF:9
LH:5
end_of_record
SF:lib\views\profile\components\logout_button.dart
DA:6,1
DA:8,1
DA:9,0
DA:10,0
DA:11,0
DA:13,0
DA:14,0
DA:16,1
DA:18,1
DA:21,1
LF:10
LH:5
end_of_record
SF:lib\views\profile\components\profile_form.dart
DA:17,1
DA:18,1
DA:20,1
DA:22,3
DA:30,1
DA:32,1
DA:34,2
DA:35,1
DA:36,2
DA:37,1
DA:38,1
DA:39,1
DA:40,2
DA:41,1
DA:42,1
DA:43,1
DA:45,1
DA:46,1
DA:48,1
DA:50,1
DA:53,1
DA:57,1
DA:59,1
DA:63,1
DA:64,1
DA:72,1
DA:73,1
DA:74,3
DA:75,5
DA:76,0
DA:77,1
DA:78,6
DA:82,1
DA:83,1
DA:84,2
DA:85,2
DA:86,3
DA:87,1
DA:88,1
DA:89,2
DA:91,1
DA:93,1
DA:94,1
DA:98,1
DA:99,1
LF:45
LH:44
end_of_record
SF:lib\views\profile\services\profile_services.dart
DA:9,1
DA:12,1
DA:14,3
DA:15,0
DA:16,3
DA:17,0
DA:20,2
DA:23,1
DA:24,1
DA:26,1
DA:27,1
DA:28,1
DA:29,1
DA:30,1
DA:32,1
DA:37,1
DA:38,1
DA:39,0
DA:40,0
DA:42,1
DA:44,1
DA:47,1
DA:56,0
DA:57,0
DA:58,0
DA:59,0
DA:60,0
DA:63,0
DA:64,0
LF:29
LH:18
end_of_record
SF:lib\views\profile\components\profile_picture.dart
DA:4,0
DA:6,0
DA:7,0
DA:9,0
DA:10,0
DA:11,0
DA:12,0
DA:13,0
DA:14,0
DA:15,0
DA:16,0
LF:11
LH:0
end_of_record
SF:lib\views\register\components\register_form.dart
DA:9,0
DA:10,0
DA:11,0
DA:16,0
DA:23,0
DA:25,0
DA:26,0
DA:28,0
DA:29,0
DA:30,0
DA:31,0
DA:34,0
DA:35,0
DA:36,0
DA:38,0
DA:42,0
DA:46,0
DA:47,0
DA:48,0
DA:49,0
DA:50,0
DA:51,0
DA:52,0
DA:53,0
DA:54,0
DA:55,0
DA:56,0
DA:57,0
DA:59,0
DA:60,0
DA:62,0
DA:64,0
DA:67,0
DA:70,0
DA:71,0
DA:75,0
DA:79,0
DA:81,0
DA:84,0
DA:88,0
DA:90,0
DA:91,0
DA:92,0
DA:93,0
DA:99,0
DA:101,0
DA:102,0
DA:103,0
DA:104,0
DA:105,0
DA:106,0
DA:107,0
DA:108,0
LF:53
LH:0
end_of_record
SF:lib\views\register_announcement\components\announ_register_form.dart
DA:10,0
DA:11,0
DA:22,0
DA:24,0
DA:26,0
DA:28,0
DA:29,0
DA:30,0
DA:31,0
DA:32,0
DA:33,0
DA:34,0
DA:36,0
DA:37,0
DA:40,0
DA:45,0
DA:46,0
DA:49,0
DA:55,0
DA:56,0
DA:58,0
DA:63,0
DA:64,0
DA:66,0
DA:69,0
DA:74,0
DA:75,0
DA:78,0
DA:84,0
DA:85,0
DA:86,0
DA:87,0
DA:89,0
DA:90,0
DA:91,0
DA:92,0
DA:93,0
DA:94,0
DA:95,0
DA:96,0
LF:40
LH:0
end_of_record
